d:\work\sourcecode\customisedactuator\customoptimization.dir\relwithdebinfo\vc120.pdb
d:\work\sourcecode\customisedactuator\customoptimization.dir\relwithdebinfo\main.obj
d:\work\sourcecode\customisedactuator\customoptimization.dir\relwithdebinfo\customso.obj
d:\work\sourcecode\customisedactuator\cmakefiles\generate.stamp
d:\work\sourcecode\customisedactuator\relwithdebinfo\customoptimization.ilk
d:\work\sourcecode\customisedactuator\relwithdebinfo\customoptimization.exe
d:\work\sourcecode\customisedactuator\relwithdebinfo\customoptimization.pdb
d:\work\sourcecode\customisedactuator\customoptimization.dir\relwithdebinfo\nativecodeanalysis.read.1.tlog
d:\work\sourcecode\customisedactuator\customoptimization.dir\relwithdebinfo\customso.nativecodeanalysis.xml
d:\work\sourcecode\customisedactuator\customoptimization.dir\relwithdebinfo\main.nativecodeanalysis.xml
d:\work\sourcecode\customisedactuator\customoptimization.dir\relwithdebinfo\vc.nativecodeanalysis.all.xml
d:\work\sourcecode\customisedactuator\relwithdebinfo\customoptimization.exe.lastcodeanalysissucceeded
d:\work\sourcecode\customisedactuator\customoptimization.dir\relwithdebinfo\customop.17ebe5be.tlog\cl.command.1.tlog
d:\work\sourcecode\customisedactuator\customoptimization.dir\relwithdebinfo\customop.17ebe5be.tlog\cl.read.1.tlog
d:\work\sourcecode\customisedactuator\customoptimization.dir\relwithdebinfo\customop.17ebe5be.tlog\cl.write.1.tlog
d:\work\sourcecode\customisedactuator\customoptimization.dir\relwithdebinfo\customop.17ebe5be.tlog\custombuild.command.1.tlog
d:\work\sourcecode\customisedactuator\customoptimization.dir\relwithdebinfo\customop.17ebe5be.tlog\custombuild.read.1.tlog
d:\work\sourcecode\customisedactuator\customoptimization.dir\relwithdebinfo\customop.17ebe5be.tlog\custombuild.write.1.tlog
d:\work\sourcecode\customisedactuator\customoptimization.dir\relwithdebinfo\customop.17ebe5be.tlog\link.command.1.tlog
d:\work\sourcecode\customisedactuator\customoptimization.dir\relwithdebinfo\customop.17ebe5be.tlog\link.read.1.tlog
d:\work\sourcecode\customisedactuator\customoptimization.dir\relwithdebinfo\customop.17ebe5be.tlog\link.write.1.tlog
